<?xml version="1.0" encoding="UTF-8"?>
<testsuite xmlns:xsi="http://www.w3.org/2001/XMLSchema-instance" xsi:noNamespaceSchemaLocation="https://maven.apache.org/surefire/maven-surefire-plugin/xsd/surefire-test-report-3.0.xsd" version="3.0" name="mr.gov.masef.ToumouhiServerApplicationTests" time="4.718" tests="1" errors="0" skipped="0" failures="0">
  <properties>
[...]
</properties>
  <testcase name="contextLoads" classname="mr.gov.masef.ToumouhiServerApplicationTests" time="0.365">
    <system-out><![CDATA[Standard Commons Logging discovery in action with spring-jcl: please remove commons-logging.jar from classpath in order to avoid potential conflicts
14:51:41.577 [main] INFO org.springframework.test.context.support.AnnotationConfigContextLoaderUtils -- Could not detect default configuration classes for test class [mr.gov.masef.ToumouhiServerApplicationTests]: ToumouhiServerApplicationTests does not declare any static, non-private, non-final, nested classes annotated with @Configuration.
14:51:41.649 [main] INFO org.springframework.boot.test.context.SpringBootTestContextBootstrapper -- Found @SpringBootConfiguration mr.gov.masef.ToumouhiServerApplication for test class mr.gov.masef.ToumouhiServerApplicationTests
14:51:41.766 [main] INFO org.springframework.boot.devtools.restart.RestartApplicationListener -- Restart disabled due to context in which it is running

  .   ____          _            __ _ _
 /\\ / ___'_ __ _ _(_)_ __  __ _ \ \ \ \
( ( )\___ | '_ | '_| | '_ \/ _` | \ \ \ \
 \\/  ___)| |_)| | | | | || (_| |  ) ) ) )
  '  |____| .__|_| |_|_| |_\__, | / / / /
 =========|_|==============|___/=/_/_/_/

 :: Spring Boot ::                (v3.3.4)

2024-10-24T14:51:41.930Z  INFO 19152 --- [ToumouhiServer] [           main] m.g.m.ToumouhiServerApplicationTests     : Starting ToumouhiServerApplicationTests using Java 17.0.5 with PID 19152 (started by popok in C:\Users\popok\DEV\ToumouhiServer)
2024-10-24T14:51:41.931Z  INFO 19152 --- [ToumouhiServer] [           main] m.g.m.ToumouhiServerApplicationTests     : No active profile set, falling back to 1 default profile: "default"
2024-10-24T14:51:42.426Z  INFO 19152 --- [ToumouhiServer] [           main] .s.d.r.c.RepositoryConfigurationDelegate : Bootstrapping Spring Data JPA repositories in DEFAULT mode.
2024-10-24T14:51:42.545Z  INFO 19152 --- [ToumouhiServer] [           main] .s.d.r.c.RepositoryConfigurationDelegate : Finished Spring Data repository scanning in 113 ms. Found 12 JPA repository interfaces.
2024-10-24T14:51:42.956Z  INFO 19152 --- [ToumouhiServer] [           main] o.hibernate.jpa.internal.util.LogHelper  : HHH000204: Processing PersistenceUnitInfo [name: default]
2024-10-24T14:51:42.992Z  INFO 19152 --- [ToumouhiServer] [           main] org.hibernate.Version                    : HHH000412: Hibernate ORM core version 6.5.3.Final
2024-10-24T14:51:43.025Z  INFO 19152 --- [ToumouhiServer] [           main] o.h.c.internal.RegionFactoryInitiator    : HHH000026: Second-level cache disabled
2024-10-24T14:51:43.276Z  INFO 19152 --- [ToumouhiServer] [           main] o.s.o.j.p.SpringPersistenceUnitInfo      : No LoadTimeWeaver setup: ignoring JPA class transformer
2024-10-24T14:51:43.298Z  INFO 19152 --- [ToumouhiServer] [           main] com.zaxxer.hikari.HikariDataSource       : HikariPool-1 - Starting...
2024-10-24T14:51:43.572Z  INFO 19152 --- [ToumouhiServer] [           main] com.zaxxer.hikari.pool.HikariPool        : HikariPool-1 - Added connection com.mysql.cj.jdbc.ConnectionImpl@11069eac
2024-10-24T14:51:43.574Z  INFO 19152 --- [ToumouhiServer] [           main] com.zaxxer.hikari.HikariDataSource       : HikariPool-1 - Start completed.
2024-10-24T14:51:43.601Z  WARN 19152 --- [ToumouhiServer] [           main] org.hibernate.orm.deprecation            : HHH90000025: MySQL8Dialect does not need to be specified explicitly using 'hibernate.dialect' (remove the property setting and it will be selected by default)
2024-10-24T14:51:43.601Z  WARN 19152 --- [ToumouhiServer] [           main] org.hibernate.orm.deprecation            : HHH90000026: MySQL8Dialect has been deprecated; use org.hibernate.dialect.MySQLDialect instead
2024-10-24T14:51:44.195Z  INFO 19152 --- [ToumouhiServer] [           main] o.h.m.i.EntityInstantiatorPojoStandard   : HHH000182: No default (no-argument) constructor for class: mr.gov.masef.entites.Medicament (class must be instantiated by Interceptor)
2024-10-24T14:51:44.418Z  INFO 19152 --- [ToumouhiServer] [           main] o.h.e.t.j.p.i.JtaPlatformInitiator       : HHH000489: No JTA platform available (set 'hibernate.transaction.jta.platform' to enable JTA platform integration)
2024-10-24T14:51:44.524Z  INFO 19152 --- [ToumouhiServer] [           main] j.LocalContainerEntityManagerFactoryBean : Initialized JPA EntityManagerFactory for persistence unit 'default'
2024-10-24T14:51:44.892Z  INFO 19152 --- [ToumouhiServer] [           main] r$InitializeUserDetailsManagerConfigurer : Global AuthenticationManager configured with UserDetailsService bean with name customUserDetailsService
2024-10-24T14:51:45.206Z  WARN 19152 --- [ToumouhiServer] [           main] JpaBaseConfiguration$JpaWebConfiguration : spring.jpa.open-in-view is enabled by default. Therefore, database queries may be performed during view rendering. Explicitly configure spring.jpa.open-in-view to disable this warning
2024-10-24T14:51:45.791Z  INFO 19152 --- [ToumouhiServer] [           main] o.s.m.s.b.SimpleBrokerMessageHandler     : Starting...
2024-10-24T14:51:45.791Z  INFO 19152 --- [ToumouhiServer] [           main] o.s.m.s.b.SimpleBrokerMessageHandler     : BrokerAvailabilityEvent[available=true, SimpleBrokerMessageHandler [org.springframework.messaging.simp.broker.DefaultSubscriptionRegistry@48f6f272]]
2024-10-24T14:51:45.792Z  INFO 19152 --- [ToumouhiServer] [           main] o.s.m.s.b.SimpleBrokerMessageHandler     : Started.
2024-10-24T14:51:45.796Z  INFO 19152 --- [ToumouhiServer] [           main] m.g.m.ToumouhiServerApplicationTests     : Started ToumouhiServerApplicationTests in 4.038 seconds (process running for 4.801)
]]></system-out>
    <system-err><![CDATA[SLF4J(W): Class path contains multiple SLF4J providers.
SLF4J(W): Found provider [ch.qos.logback.classic.spi.LogbackServiceProvider@4b8729ff]
SLF4J(W): Found provider [org.slf4j.simple.SimpleServiceProvider@61710c6]
SLF4J(W): See https://www.slf4j.org/codes.html#multiple_bindings for an explanation.
SLF4J(I): Actual provider is of type [ch.qos.logback.classic.spi.LogbackServiceProvider@4b8729ff]
]]></system-err>
  </testcase>
</testsuite>